<?xml version="1.0" encoding="UTF-8"?>
<testsuite name="app.service.endpoints.CustomerControllerIntegrationTest" tests="1" skipped="0" failures="0" errors="0" timestamp="2023-10-06T13:12:23" hostname="LLOYD" time="19.842">
  <properties/>
  <testcase name="shouldGetCustomers(MockMvc, CustomerStore, ObjectMapper)" classname="app.service.endpoints.CustomerControllerIntegrationTest" time="19.842"/>
  <system-out><![CDATA[16:12:20.053 [Test worker] DEBUG org.springframework.boot.test.context.SpringBootTestContextBootstrapper -- Neither @ContextConfiguration nor @ContextHierarchy found for test class [CustomerControllerIntegrationTest]: using SpringBootContextLoader
16:12:20.057 [Test worker] DEBUG org.springframework.test.context.support.AbstractContextLoader -- Could not detect default resource locations for test class [app.service.endpoints.CustomerControllerIntegrationTest]: no resource found for suffixes {-context.xml, Context.groovy}.
16:12:20.082 [Test worker] DEBUG org.springframework.boot.test.context.SpringBootTestContextBootstrapper -- Using ContextCustomizers for test class [CustomerControllerIntegrationTest]: [DisableObservabilityContextCustomizer, PropertyMappingContextCustomizer, Customizer, ImportsContextCustomizer, ExcludeFilterContextCustomizer, DuplicateJsonObjectContextCustomizer, MockitoContextCustomizer, TestRestTemplateContextCustomizer]
16:12:20.170 [Test worker] DEBUG org.springframework.boot.test.context.SpringBootTestContextBootstrapper -- Using TestExecutionListeners for test class [CustomerControllerIntegrationTest]: [ServletTestExecutionListener, DirtiesContextBeforeModesTestExecutionListener, ApplicationEventsTestExecutionListener, MockitoTestExecutionListener, DependencyInjectionTestExecutionListener, DirtiesContextTestExecutionListener, TransactionalTestExecutionListener, SqlScriptsTestExecutionListener, EventPublishingTestExecutionListener, RestDocsTestExecutionListener, MockRestServiceServerResetTestExecutionListener, MockMvcPrintOnlyOnFailureTestExecutionListener, WebDriverTestExecutionListener, MockWebServiceServerTestExecutionListener, ResetMocksTestExecutionListener]
16:12:20.171 [Test worker] DEBUG org.springframework.test.context.support.AbstractDirtiesContextTestExecutionListener -- Before test class: class [CustomerControllerIntegrationTest], class annotated with @DirtiesContext [false] with mode [null]

  .   ____          _            __ _ _
 /\\ / ___'_ __ _ _(_)_ __  __ _ \ \ \ \
( ( )\___ | '_ | '_| | '_ \/ _` | \ \ \ \
 \\/  ___)| |_)| | | | | || (_| |  ) ) ) )
  '  |____| .__|_| |_|_| |_\__, | / / / /
 =========|_|==============|___/=/_/_/_/
 :: Spring Boot ::                (v3.0.5)

2023-10-06T16:12:20.494+03:00  INFO 30540 --- [    Test worker] a.s.e.CustomerControllerIntegrationTest  : Starting CustomerControllerIntegrationTest using Java 19.0.1 with PID 30540 (started by tech Line in D:\Projects\Demo\java-coding-challenge\customer-service)
2023-10-06T16:12:20.496+03:00  INFO 30540 --- [    Test worker] a.s.e.CustomerControllerIntegrationTest  : No active profile set, falling back to 1 default profile: "default"
2023-10-06T16:12:20.966+03:00  INFO 30540 --- [    Test worker] .s.d.r.c.RepositoryConfigurationDelegate : Bootstrapping Spring Data JPA repositories in DEFAULT mode.
2023-10-06T16:12:21.010+03:00  INFO 30540 --- [    Test worker] .s.d.r.c.RepositoryConfigurationDelegate : Finished Spring Data repository scanning in 37 ms. Found 1 JPA repository interfaces.
2023-10-06T16:12:21.332+03:00  INFO 30540 --- [    Test worker] com.zaxxer.hikari.HikariDataSource       : HikariPool-1 - Starting...
2023-10-06T16:12:21.456+03:00  INFO 30540 --- [    Test worker] com.zaxxer.hikari.pool.HikariPool        : HikariPool-1 - Added connection conn0: url=jdbc:h2:mem:testdb user=SA
2023-10-06T16:12:21.457+03:00  INFO 30540 --- [    Test worker] com.zaxxer.hikari.HikariDataSource       : HikariPool-1 - Start completed.
2023-10-06T16:12:21.491+03:00  INFO 30540 --- [    Test worker] o.hibernate.jpa.internal.util.LogHelper  : HHH000204: Processing PersistenceUnitInfo [name: default]
2023-10-06T16:12:21.531+03:00  INFO 30540 --- [    Test worker] org.hibernate.Version                    : HHH000412: Hibernate ORM core version 6.1.7.Final
2023-10-06T16:12:21.807+03:00  INFO 30540 --- [    Test worker] SQL dialect                              : HHH000400: Using dialect: org.hibernate.dialect.H2Dialect
2023-10-06T16:12:22.292+03:00  INFO 30540 --- [    Test worker] o.h.e.t.j.p.i.JtaPlatformInitiator       : HHH000490: Using JtaPlatform implementation: [org.hibernate.engine.transaction.jta.platform.internal.NoJtaPlatform]
2023-10-06T16:12:22.298+03:00  INFO 30540 --- [    Test worker] j.LocalContainerEntityManagerFactoryBean : Initialized JPA EntityManagerFactory for persistence unit 'default'
2023-10-06T16:12:22.742+03:00  WARN 30540 --- [    Test worker] JpaBaseConfiguration$JpaWebConfiguration : spring.jpa.open-in-view is enabled by default. Therefore, database queries may be performed during view rendering. Explicitly configure spring.jpa.open-in-view to disable this warning
2023-10-06T16:12:23.184+03:00  INFO 30540 --- [    Test worker] o.s.b.t.m.w.SpringBootMockServletContext : Initializing Spring TestDispatcherServlet ''
2023-10-06T16:12:23.185+03:00  INFO 30540 --- [    Test worker] o.s.t.web.servlet.TestDispatcherServlet  : Initializing Servlet ''
2023-10-06T16:12:23.188+03:00  INFO 30540 --- [    Test worker] o.s.t.web.servlet.TestDispatcherServlet  : Completed initialization in 1 ms
2023-10-06T16:12:23.227+03:00  INFO 30540 --- [    Test worker] a.s.e.CustomerControllerIntegrationTest  : Started CustomerControllerIntegrationTest in 3.004 seconds (process running for 3.914)
]]></system-out>
  <system-err><![CDATA[]]></system-err>
</testsuite>
